[17-Oct-2022 10:56:56 UTC] PHP Fatal error:  Composer detected issues in your platform: Your Composer dependencies require a PHP version ">= 8.1.0". You are running 7.4.32. in /Users/christofferbergj/.composer/vendor/composer/platform_check.php on line 24
[17-Oct-2022 10:57:39 UTC] PHP Fatal error:  Composer detected issues in your platform: Your Composer dependencies require a PHP version ">= 8.1.0". You are running 7.4.32. in /Users/christofferbergj/.composer/vendor/composer/platform_check.php on line 24
[17-Oct-2022 10:57:53 UTC] PHP Fatal error:  Composer detected issues in your platform: Your Composer dependencies require a PHP version ">= 8.1.0". You are running 7.4.32. in /Users/christofferbergj/.composer/vendor/composer/platform_check.php on line 24
[17-Oct-2022 10:58:24 UTC] PHP Fatal error:  Composer detected issues in your platform: Your Composer dependencies require a PHP version ">= 8.1.0". You are running 7.4.32. in /Users/christofferbergj/.composer/vendor/composer/platform_check.php on line 24
[17-Oct-2022 10:59:07 UTC] PHP Fatal error:  Composer detected issues in your platform: Your Composer dependencies require a PHP version ">= 8.1.0". You are running 7.4.32. in /Users/christofferbergj/.composer/vendor/composer/platform_check.php on line 24
[17-Oct-2022 11:07:42 UTC] PHP Fatal error:  Composer detected issues in your platform: Your Composer dependencies require a PHP version ">= 8.1.0". You are running 7.4.32. in /Users/christofferbergj/.composer/vendor/composer/platform_check.php on line 24
[17-Oct-2022 11:09:55 UTC] PHP Fatal error:  Composer detected issues in your platform: Your Composer dependencies require a PHP version ">= 8.1.0". You are running 7.4.32. in /Users/christofferbergj/.composer/vendor/composer/platform_check.php on line 24
[17-Oct-2022 11:10:21 UTC] PHP Fatal error:  Composer detected issues in your platform: Your Composer dependencies require a PHP version ">= 8.1.0". You are running 7.4.32. in /Users/christofferbergj/.composer/vendor/composer/platform_check.php on line 24
[17-Oct-2022 11:10:32 UTC] PHP Fatal error:  Composer detected issues in your platform: Your Composer dependencies require a PHP version ">= 8.1.0". You are running 7.4.32. in /Users/christofferbergj/.composer/vendor/composer/platform_check.php on line 24
[17-Oct-2022 11:11:56 UTC] PHP Warning:  Unknown: failed to open stream: No such file or directory in Unknown on line 0
[17-Oct-2022 11:11:56 UTC] PHP Fatal error:  Unknown: Failed opening required '/Users/christofferbergj/.composer/vendor/laravel/valet/server.php' (include_path='.:/opt/homebrew/Cellar/php@7.4/7.4.32/share/php@7.4/pear') in Unknown on line 0
[17-Oct-2022 11:11:56 UTC] PHP Warning:  Unknown: failed to open stream: No such file or directory in Unknown on line 0
[17-Oct-2022 11:11:57 UTC] PHP Warning:  Unknown: failed to open stream: No such file or directory in Unknown on line 0
[17-Oct-2022 11:11:57 UTC] PHP Warning:  Unknown: failed to open stream: No such file or directory in Unknown on line 0
[17-Oct-2022 11:33:16 UTC] PHP Fatal error:  Uncaught PDOException: SQLSTATE[08006] [7] connection to server at "127.0.0.1", port 5432 failed: Connection refused
	Is the server running on that host and accepting TCP/IP connections? in /Users/christofferbergj/code/sd-api/vendor/doctrine/dbal/lib/Doctrine/DBAL/Driver/PDOConnection.php:40
Stack trace:
#0 /Users/christofferbergj/code/sd-api/vendor/doctrine/dbal/lib/Doctrine/DBAL/Driver/PDOConnection.php(40): PDO->__construct('pgsql:host=127....', 'secret', '', Array)
#1 /Users/christofferbergj/code/sd-api/vendor/laravel/framework/src/Illuminate/Database/Connectors/Connector.php(67): Doctrine\DBAL\Driver\PDOConnection->__construct('pgsql:host=127....', 'secret', '', Array)
#2 /Users/christofferbergj/code/sd-api/vendor/laravel/framework/src/Illuminate/Database/Connectors/Connector.php(46): Illuminate\Database\Connectors\Connector->createPdoConnection('pgsql:host=127....', 'secret', '', Array)
#3 /Users/christofferbergj/code/sd-api/vendor/laravel/framework/src/Illuminate/Database/Connectors/PostgresConnector.p in /Users/christofferbergj/code/sd-api/vendor/laravel/framework/src/Illuminate/Database/Connection.php on line 671
[17-Oct-2022 11:33:16 UTC] PHP Fatal error:  Uncaught PDOException: SQLSTATE[08006] [7] connection to server at "127.0.0.1", port 5432 failed: Connection refused
	Is the server running on that host and accepting TCP/IP connections? in /Users/christofferbergj/code/sd-api/vendor/doctrine/dbal/lib/Doctrine/DBAL/Driver/PDOConnection.php:40
Stack trace:
#0 /Users/christofferbergj/code/sd-api/vendor/doctrine/dbal/lib/Doctrine/DBAL/Driver/PDOConnection.php(40): PDO->__construct('pgsql:host=127....', 'secret', '', Array)
#1 /Users/christofferbergj/code/sd-api/vendor/laravel/framework/src/Illuminate/Database/Connectors/Connector.php(67): Doctrine\DBAL\Driver\PDOConnection->__construct('pgsql:host=127....', 'secret', '', Array)
#2 /Users/christofferbergj/code/sd-api/vendor/laravel/framework/src/Illuminate/Database/Connectors/Connector.php(46): Illuminate\Database\Connectors\Connector->createPdoConnection('pgsql:host=127....', 'secret', '', Array)
#3 /Users/christofferbergj/code/sd-api/vendor/laravel/framework/src/Illuminate/Database/Connectors/PostgresConnector.p in /Users/christofferbergj/code/sd-api/vendor/laravel/framework/src/Illuminate/Database/Connection.php on line 671
[17-Oct-2022 11:33:20 UTC] PHP Fatal error:  Uncaught PDOException: SQLSTATE[08006] [7] connection to server at "127.0.0.1", port 5432 failed: Connection refused
	Is the server running on that host and accepting TCP/IP connections? in /Users/christofferbergj/code/sd-api/vendor/doctrine/dbal/lib/Doctrine/DBAL/Driver/PDOConnection.php:40
Stack trace:
#0 /Users/christofferbergj/code/sd-api/vendor/doctrine/dbal/lib/Doctrine/DBAL/Driver/PDOConnection.php(40): PDO->__construct('pgsql:host=127....', 'secret', '', Array)
#1 /Users/christofferbergj/code/sd-api/vendor/laravel/framework/src/Illuminate/Database/Connectors/Connector.php(67): Doctrine\DBAL\Driver\PDOConnection->__construct('pgsql:host=127....', 'secret', '', Array)
#2 /Users/christofferbergj/code/sd-api/vendor/laravel/framework/src/Illuminate/Database/Connectors/Connector.php(46): Illuminate\Database\Connectors\Connector->createPdoConnection('pgsql:host=127....', 'secret', '', Array)
#3 /Users/christofferbergj/code/sd-api/vendor/laravel/framework/src/Illuminate/Database/Connectors/PostgresConnector.p in /Users/christofferbergj/code/sd-api/vendor/laravel/framework/src/Illuminate/Database/Connection.php on line 671
[17-Oct-2022 11:33:20 UTC] PHP Fatal error:  Uncaught PDOException: SQLSTATE[08006] [7] connection to server at "127.0.0.1", port 5432 failed: Connection refused
	Is the server running on that host and accepting TCP/IP connections? in /Users/christofferbergj/code/sd-api/vendor/doctrine/dbal/lib/Doctrine/DBAL/Driver/PDOConnection.php:40
Stack trace:
#0 /Users/christofferbergj/code/sd-api/vendor/doctrine/dbal/lib/Doctrine/DBAL/Driver/PDOConnection.php(40): PDO->__construct('pgsql:host=127....', 'secret', '', Array)
#1 /Users/christofferbergj/code/sd-api/vendor/laravel/framework/src/Illuminate/Database/Connectors/Connector.php(67): Doctrine\DBAL\Driver\PDOConnection->__construct('pgsql:host=127....', 'secret', '', Array)
#2 /Users/christofferbergj/code/sd-api/vendor/laravel/framework/src/Illuminate/Database/Connectors/Connector.php(46): Illuminate\Database\Connectors\Connector->createPdoConnection('pgsql:host=127....', 'secret', '', Array)
#3 /Users/christofferbergj/code/sd-api/vendor/laravel/framework/src/Illuminate/Database/Connectors/PostgresConnector.p in /Users/christofferbergj/code/sd-api/vendor/laravel/framework/src/Illuminate/Database/Connection.php on line 671
[17-Oct-2022 11:50:03 UTC] PHP Fatal error:  Uncaught BadMethodCallException: Call to undefined method App\AdminUser::isImpersonatingByEmployee() in /Users/christofferbergj/code/sd-api/vendor/laravel/framework/src/Illuminate/Support/Traits/ForwardsCalls.php:50
Stack trace:
#0 /Users/christofferbergj/code/sd-api/vendor/laravel/framework/src/Illuminate/Support/Traits/ForwardsCalls.php(36): Illuminate\Database\Eloquent\Model::throwBadMethodCallException('isImpersonating...')
#1 /Users/christofferbergj/code/sd-api/vendor/laravel/framework/src/Illuminate/Database/Eloquent/Model.php(1736): Illuminate\Database\Eloquent\Model->forwardCallTo(Object(Illuminate\Database\Eloquent\Builder), 'isImpersonating...', Array)
#2 /Users/christofferbergj/code/sd-api/app/Exceptions/Handler.php(162): Illuminate\Database\Eloquent\Model->__call('isImpersonating...', Array)
#3 /Users/christofferbergj/code/sd-api/vendor/laravel/framework/src/Illuminate/Foundation/Bootstrap/HandleExceptions.php(119): App\Exceptions\Handler->render(Object(Illuminate\Http\Request), Object(BadMethodCa in /Users/christofferbergj/code/sd-api/vendor/laravel/framework/src/Illuminate/Support/Traits/ForwardsCalls.php on line 50
[17-Oct-2022 11:50:03 UTC] PHP Fatal error:  Uncaught BadMethodCallException: Call to undefined method App\AdminUser::isImpersonatingByEmployee() in /Users/christofferbergj/code/sd-api/vendor/laravel/framework/src/Illuminate/Support/Traits/ForwardsCalls.php:50
Stack trace:
#0 /Users/christofferbergj/code/sd-api/vendor/laravel/framework/src/Illuminate/Support/Traits/ForwardsCalls.php(36): Illuminate\Database\Eloquent\Model::throwBadMethodCallException('isImpersonating...')
#1 /Users/christofferbergj/code/sd-api/vendor/laravel/framework/src/Illuminate/Database/Eloquent/Model.php(1736): Illuminate\Database\Eloquent\Model->forwardCallTo(Object(Illuminate\Database\Eloquent\Builder), 'isImpersonating...', Array)
#2 /Users/christofferbergj/code/sd-api/app/Exceptions/Handler.php(162): Illuminate\Database\Eloquent\Model->__call('isImpersonating...', Array)
#3 /Users/christofferbergj/code/sd-api/vendor/laravel/framework/src/Illuminate/Foundation/Bootstrap/HandleExceptions.php(119): App\Exceptions\Handler->render(Object(Illuminate\Http\Request), Object(Symfony\Com in /Users/christofferbergj/code/sd-api/vendor/laravel/framework/src/Illuminate/Support/Traits/ForwardsCalls.php on line 50
[17-Oct-2022 11:50:15 UTC] PHP Fatal error:  Uncaught BadMethodCallException: Call to undefined method App\AdminUser::isImpersonatingByEmployee() in /Users/christofferbergj/code/sd-api/vendor/laravel/framework/src/Illuminate/Support/Traits/ForwardsCalls.php:50
Stack trace:
#0 /Users/christofferbergj/code/sd-api/vendor/laravel/framework/src/Illuminate/Support/Traits/ForwardsCalls.php(36): Illuminate\Database\Eloquent\Model::throwBadMethodCallException('isImpersonating...')
#1 /Users/christofferbergj/code/sd-api/vendor/laravel/framework/src/Illuminate/Database/Eloquent/Model.php(1736): Illuminate\Database\Eloquent\Model->forwardCallTo(Object(Illuminate\Database\Eloquent\Builder), 'isImpersonating...', Array)
#2 /Users/christofferbergj/code/sd-api/app/Exceptions/Handler.php(162): Illuminate\Database\Eloquent\Model->__call('isImpersonating...', Array)
#3 /Users/christofferbergj/code/sd-api/vendor/laravel/framework/src/Illuminate/Foundation/Bootstrap/HandleExceptions.php(119): App\Exceptions\Handler->render(Object(Illuminate\Http\Request), Object(BadMethodCa in /Users/christofferbergj/code/sd-api/vendor/laravel/framework/src/Illuminate/Support/Traits/ForwardsCalls.php on line 50
[17-Oct-2022 11:50:15 UTC] PHP Fatal error:  Uncaught BadMethodCallException: Call to undefined method App\AdminUser::isImpersonatingByEmployee() in /Users/christofferbergj/code/sd-api/vendor/laravel/framework/src/Illuminate/Support/Traits/ForwardsCalls.php:50
Stack trace:
#0 /Users/christofferbergj/code/sd-api/vendor/laravel/framework/src/Illuminate/Support/Traits/ForwardsCalls.php(36): Illuminate\Database\Eloquent\Model::throwBadMethodCallException('isImpersonating...')
#1 /Users/christofferbergj/code/sd-api/vendor/laravel/framework/src/Illuminate/Database/Eloquent/Model.php(1736): Illuminate\Database\Eloquent\Model->forwardCallTo(Object(Illuminate\Database\Eloquent\Builder), 'isImpersonating...', Array)
#2 /Users/christofferbergj/code/sd-api/app/Exceptions/Handler.php(162): Illuminate\Database\Eloquent\Model->__call('isImpersonating...', Array)
#3 /Users/christofferbergj/code/sd-api/vendor/laravel/framework/src/Illuminate/Foundation/Bootstrap/HandleExceptions.php(119): App\Exceptions\Handler->render(Object(Illuminate\Http\Request), Object(Symfony\Com in /Users/christofferbergj/code/sd-api/vendor/laravel/framework/src/Illuminate/Support/Traits/ForwardsCalls.php on line 50
[17-Oct-2022 11:51:36 UTC] PHP Fatal error:  Uncaught BadMethodCallException: Call to undefined method App\AdminUser::isImpersonatingByEmployee() in /Users/christofferbergj/code/sd-api/vendor/laravel/framework/src/Illuminate/Support/Traits/ForwardsCalls.php:50
Stack trace:
#0 /Users/christofferbergj/code/sd-api/vendor/laravel/framework/src/Illuminate/Support/Traits/ForwardsCalls.php(36): Illuminate\Database\Eloquent\Model::throwBadMethodCallException('isImpersonating...')
#1 /Users/christofferbergj/code/sd-api/vendor/laravel/framework/src/Illuminate/Database/Eloquent/Model.php(1736): Illuminate\Database\Eloquent\Model->forwardCallTo(Object(Illuminate\Database\Eloquent\Builder), 'isImpersonating...', Array)
#2 /Users/christofferbergj/code/sd-api/app/Exceptions/Handler.php(162): Illuminate\Database\Eloquent\Model->__call('isImpersonating...', Array)
#3 /Users/christofferbergj/code/sd-api/vendor/laravel/framework/src/Illuminate/Foundation/Bootstrap/HandleExceptions.php(119): App\Exceptions\Handler->render(Object(Illuminate\Http\Request), Object(BadMethodCa in /Users/christofferbergj/code/sd-api/vendor/laravel/framework/src/Illuminate/Support/Traits/ForwardsCalls.php on line 50
[17-Oct-2022 11:51:36 UTC] PHP Fatal error:  Uncaught BadMethodCallException: Call to undefined method App\AdminUser::isImpersonatingByEmployee() in /Users/christofferbergj/code/sd-api/vendor/laravel/framework/src/Illuminate/Support/Traits/ForwardsCalls.php:50
Stack trace:
#0 /Users/christofferbergj/code/sd-api/vendor/laravel/framework/src/Illuminate/Support/Traits/ForwardsCalls.php(36): Illuminate\Database\Eloquent\Model::throwBadMethodCallException('isImpersonating...')
#1 /Users/christofferbergj/code/sd-api/vendor/laravel/framework/src/Illuminate/Database/Eloquent/Model.php(1736): Illuminate\Database\Eloquent\Model->forwardCallTo(Object(Illuminate\Database\Eloquent\Builder), 'isImpersonating...', Array)
#2 /Users/christofferbergj/code/sd-api/app/Exceptions/Handler.php(162): Illuminate\Database\Eloquent\Model->__call('isImpersonating...', Array)
#3 /Users/christofferbergj/code/sd-api/vendor/laravel/framework/src/Illuminate/Foundation/Bootstrap/HandleExceptions.php(119): App\Exceptions\Handler->render(Object(Illuminate\Http\Request), Object(Symfony\Com in /Users/christofferbergj/code/sd-api/vendor/laravel/framework/src/Illuminate/Support/Traits/ForwardsCalls.php on line 50
[17-Oct-2022 11:51:45 UTC] PHP Fatal error:  Uncaught BadMethodCallException: Call to undefined method App\AdminUser::isImpersonatingByEmployee() in /Users/christofferbergj/code/sd-api/vendor/laravel/framework/src/Illuminate/Support/Traits/ForwardsCalls.php:50
Stack trace:
#0 /Users/christofferbergj/code/sd-api/vendor/laravel/framework/src/Illuminate/Support/Traits/ForwardsCalls.php(36): Illuminate\Database\Eloquent\Model::throwBadMethodCallException('isImpersonating...')
#1 /Users/christofferbergj/code/sd-api/vendor/laravel/framework/src/Illuminate/Database/Eloquent/Model.php(1736): Illuminate\Database\Eloquent\Model->forwardCallTo(Object(Illuminate\Database\Eloquent\Builder), 'isImpersonating...', Array)
#2 /Users/christofferbergj/code/sd-api/app/Exceptions/Handler.php(162): Illuminate\Database\Eloquent\Model->__call('isImpersonating...', Array)
#3 /Users/christofferbergj/code/sd-api/vendor/laravel/framework/src/Illuminate/Foundation/Bootstrap/HandleExceptions.php(119): App\Exceptions\Handler->render(Object(Illuminate\Http\Request), Object(BadMethodCa in /Users/christofferbergj/code/sd-api/vendor/laravel/framework/src/Illuminate/Support/Traits/ForwardsCalls.php on line 50
[17-Oct-2022 11:51:45 UTC] PHP Fatal error:  Uncaught BadMethodCallException: Call to undefined method App\AdminUser::isImpersonatingByEmployee() in /Users/christofferbergj/code/sd-api/vendor/laravel/framework/src/Illuminate/Support/Traits/ForwardsCalls.php:50
Stack trace:
#0 /Users/christofferbergj/code/sd-api/vendor/laravel/framework/src/Illuminate/Support/Traits/ForwardsCalls.php(36): Illuminate\Database\Eloquent\Model::throwBadMethodCallException('isImpersonating...')
#1 /Users/christofferbergj/code/sd-api/vendor/laravel/framework/src/Illuminate/Database/Eloquent/Model.php(1736): Illuminate\Database\Eloquent\Model->forwardCallTo(Object(Illuminate\Database\Eloquent\Builder), 'isImpersonating...', Array)
#2 /Users/christofferbergj/code/sd-api/app/Exceptions/Handler.php(162): Illuminate\Database\Eloquent\Model->__call('isImpersonating...', Array)
#3 /Users/christofferbergj/code/sd-api/vendor/laravel/framework/src/Illuminate/Foundation/Bootstrap/HandleExceptions.php(119): App\Exceptions\Handler->render(Object(Illuminate\Http\Request), Object(Symfony\Com in /Users/christofferbergj/code/sd-api/vendor/laravel/framework/src/Illuminate/Support/Traits/ForwardsCalls.php on line 50
[17-Oct-2022 11:51:46 UTC] PHP Fatal error:  Uncaught BadMethodCallException: Call to undefined method App\AdminUser::isImpersonatingByEmployee() in /Users/christofferbergj/code/sd-api/vendor/laravel/framework/src/Illuminate/Support/Traits/ForwardsCalls.php:50
Stack trace:
#0 /Users/christofferbergj/code/sd-api/vendor/laravel/framework/src/Illuminate/Support/Traits/ForwardsCalls.php(36): Illuminate\Database\Eloquent\Model::throwBadMethodCallException('isImpersonating...')
#1 /Users/christofferbergj/code/sd-api/vendor/laravel/framework/src/Illuminate/Database/Eloquent/Model.php(1736): Illuminate\Database\Eloquent\Model->forwardCallTo(Object(Illuminate\Database\Eloquent\Builder), 'isImpersonating...', Array)
#2 /Users/christofferbergj/code/sd-api/app/Exceptions/Handler.php(162): Illuminate\Database\Eloquent\Model->__call('isImpersonating...', Array)
#3 /Users/christofferbergj/code/sd-api/vendor/laravel/framework/src/Illuminate/Foundation/Bootstrap/HandleExceptions.php(119): App\Exceptions\Handler->render(Object(Illuminate\Http\Request), Object(BadMethodCa in /Users/christofferbergj/code/sd-api/vendor/laravel/framework/src/Illuminate/Support/Traits/ForwardsCalls.php on line 50
[17-Oct-2022 11:51:46 UTC] PHP Fatal error:  Uncaught BadMethodCallException: Call to undefined method App\AdminUser::isImpersonatingByEmployee() in /Users/christofferbergj/code/sd-api/vendor/laravel/framework/src/Illuminate/Support/Traits/ForwardsCalls.php:50
Stack trace:
#0 /Users/christofferbergj/code/sd-api/vendor/laravel/framework/src/Illuminate/Support/Traits/ForwardsCalls.php(36): Illuminate\Database\Eloquent\Model::throwBadMethodCallException('isImpersonating...')
#1 /Users/christofferbergj/code/sd-api/vendor/laravel/framework/src/Illuminate/Database/Eloquent/Model.php(1736): Illuminate\Database\Eloquent\Model->forwardCallTo(Object(Illuminate\Database\Eloquent\Builder), 'isImpersonating...', Array)
#2 /Users/christofferbergj/code/sd-api/app/Exceptions/Handler.php(162): Illuminate\Database\Eloquent\Model->__call('isImpersonating...', Array)
#3 /Users/christofferbergj/code/sd-api/vendor/laravel/framework/src/Illuminate/Foundation/Bootstrap/HandleExceptions.php(119): App\Exceptions\Handler->render(Object(Illuminate\Http\Request), Object(Symfony\Com in /Users/christofferbergj/code/sd-api/vendor/laravel/framework/src/Illuminate/Support/Traits/ForwardsCalls.php on line 50
[17-Oct-2022 11:52:08 UTC] PHP Fatal error:  Uncaught BadMethodCallException: Call to undefined method App\AdminUser::isImpersonatingByEmployee() in /Users/christofferbergj/code/sd-api/vendor/laravel/framework/src/Illuminate/Support/Traits/ForwardsCalls.php:50
Stack trace:
#0 /Users/christofferbergj/code/sd-api/vendor/laravel/framework/src/Illuminate/Support/Traits/ForwardsCalls.php(36): Illuminate\Database\Eloquent\Model::throwBadMethodCallException('isImpersonating...')
#1 /Users/christofferbergj/code/sd-api/vendor/laravel/framework/src/Illuminate/Database/Eloquent/Model.php(1736): Illuminate\Database\Eloquent\Model->forwardCallTo(Object(Illuminate\Database\Eloquent\Builder), 'isImpersonating...', Array)
#2 /Users/christofferbergj/code/sd-api/app/Exceptions/Handler.php(162): Illuminate\Database\Eloquent\Model->__call('isImpersonating...', Array)
#3 /Users/christofferbergj/code/sd-api/vendor/laravel/framework/src/Illuminate/Foundation/Bootstrap/HandleExceptions.php(119): App\Exceptions\Handler->render(Object(Illuminate\Http\Request), Object(BadMethodCa in /Users/christofferbergj/code/sd-api/vendor/laravel/framework/src/Illuminate/Support/Traits/ForwardsCalls.php on line 50
[17-Oct-2022 11:52:08 UTC] PHP Fatal error:  Uncaught BadMethodCallException: Call to undefined method App\AdminUser::isImpersonatingByEmployee() in /Users/christofferbergj/code/sd-api/vendor/laravel/framework/src/Illuminate/Support/Traits/ForwardsCalls.php:50
Stack trace:
#0 /Users/christofferbergj/code/sd-api/vendor/laravel/framework/src/Illuminate/Support/Traits/ForwardsCalls.php(36): Illuminate\Database\Eloquent\Model::throwBadMethodCallException('isImpersonating...')
#1 /Users/christofferbergj/code/sd-api/vendor/laravel/framework/src/Illuminate/Database/Eloquent/Model.php(1736): Illuminate\Database\Eloquent\Model->forwardCallTo(Object(Illuminate\Database\Eloquent\Builder), 'isImpersonating...', Array)
#2 /Users/christofferbergj/code/sd-api/app/Exceptions/Handler.php(162): Illuminate\Database\Eloquent\Model->__call('isImpersonating...', Array)
#3 /Users/christofferbergj/code/sd-api/vendor/laravel/framework/src/Illuminate/Foundation/Bootstrap/HandleExceptions.php(119): App\Exceptions\Handler->render(Object(Illuminate\Http\Request), Object(Symfony\Com in /Users/christofferbergj/code/sd-api/vendor/laravel/framework/src/Illuminate/Support/Traits/ForwardsCalls.php on line 50
[17-Oct-2022 11:52:09 UTC] PHP Fatal error:  Uncaught BadMethodCallException: Call to undefined method App\AdminUser::isImpersonatingByEmployee() in /Users/christofferbergj/code/sd-api/vendor/laravel/framework/src/Illuminate/Support/Traits/ForwardsCalls.php:50
Stack trace:
#0 /Users/christofferbergj/code/sd-api/vendor/laravel/framework/src/Illuminate/Support/Traits/ForwardsCalls.php(36): Illuminate\Database\Eloquent\Model::throwBadMethodCallException('isImpersonating...')
#1 /Users/christofferbergj/code/sd-api/vendor/laravel/framework/src/Illuminate/Database/Eloquent/Model.php(1736): Illuminate\Database\Eloquent\Model->forwardCallTo(Object(Illuminate\Database\Eloquent\Builder), 'isImpersonating...', Array)
#2 /Users/christofferbergj/code/sd-api/app/Exceptions/Handler.php(162): Illuminate\Database\Eloquent\Model->__call('isImpersonating...', Array)
#3 /Users/christofferbergj/code/sd-api/vendor/laravel/framework/src/Illuminate/Foundation/Bootstrap/HandleExceptions.php(119): App\Exceptions\Handler->render(Object(Illuminate\Http\Request), Object(BadMethodCa in /Users/christofferbergj/code/sd-api/vendor/laravel/framework/src/Illuminate/Support/Traits/ForwardsCalls.php on line 50
[17-Oct-2022 11:52:09 UTC] PHP Fatal error:  Uncaught BadMethodCallException: Call to undefined method App\AdminUser::isImpersonatingByEmployee() in /Users/christofferbergj/code/sd-api/vendor/laravel/framework/src/Illuminate/Support/Traits/ForwardsCalls.php:50
Stack trace:
#0 /Users/christofferbergj/code/sd-api/vendor/laravel/framework/src/Illuminate/Support/Traits/ForwardsCalls.php(36): Illuminate\Database\Eloquent\Model::throwBadMethodCallException('isImpersonating...')
#1 /Users/christofferbergj/code/sd-api/vendor/laravel/framework/src/Illuminate/Database/Eloquent/Model.php(1736): Illuminate\Database\Eloquent\Model->forwardCallTo(Object(Illuminate\Database\Eloquent\Builder), 'isImpersonating...', Array)
#2 /Users/christofferbergj/code/sd-api/app/Exceptions/Handler.php(162): Illuminate\Database\Eloquent\Model->__call('isImpersonating...', Array)
#3 /Users/christofferbergj/code/sd-api/vendor/laravel/framework/src/Illuminate/Foundation/Bootstrap/HandleExceptions.php(119): App\Exceptions\Handler->render(Object(Illuminate\Http\Request), Object(Symfony\Com in /Users/christofferbergj/code/sd-api/vendor/laravel/framework/src/Illuminate/Support/Traits/ForwardsCalls.php on line 50
[17-Oct-2022 11:52:10 UTC] PHP Fatal error:  Uncaught BadMethodCallException: Call to undefined method App\AdminUser::isImpersonatingByEmployee() in /Users/christofferbergj/code/sd-api/vendor/laravel/framework/src/Illuminate/Support/Traits/ForwardsCalls.php:50
Stack trace:
#0 /Users/christofferbergj/code/sd-api/vendor/laravel/framework/src/Illuminate/Support/Traits/ForwardsCalls.php(36): Illuminate\Database\Eloquent\Model::throwBadMethodCallException('isImpersonating...')
#1 /Users/christofferbergj/code/sd-api/vendor/laravel/framework/src/Illuminate/Database/Eloquent/Model.php(1736): Illuminate\Database\Eloquent\Model->forwardCallTo(Object(Illuminate\Database\Eloquent\Builder), 'isImpersonating...', Array)
#2 /Users/christofferbergj/code/sd-api/app/Exceptions/Handler.php(162): Illuminate\Database\Eloquent\Model->__call('isImpersonating...', Array)
#3 /Users/christofferbergj/code/sd-api/vendor/laravel/framework/src/Illuminate/Foundation/Bootstrap/HandleExceptions.php(119): App\Exceptions\Handler->render(Object(Illuminate\Http\Request), Object(BadMethodCa in /Users/christofferbergj/code/sd-api/vendor/laravel/framework/src/Illuminate/Support/Traits/ForwardsCalls.php on line 50
[17-Oct-2022 11:52:10 UTC] PHP Fatal error:  Uncaught BadMethodCallException: Call to undefined method App\AdminUser::isImpersonatingByEmployee() in /Users/christofferbergj/code/sd-api/vendor/laravel/framework/src/Illuminate/Support/Traits/ForwardsCalls.php:50
Stack trace:
#0 /Users/christofferbergj/code/sd-api/vendor/laravel/framework/src/Illuminate/Support/Traits/ForwardsCalls.php(36): Illuminate\Database\Eloquent\Model::throwBadMethodCallException('isImpersonating...')
#1 /Users/christofferbergj/code/sd-api/vendor/laravel/framework/src/Illuminate/Database/Eloquent/Model.php(1736): Illuminate\Database\Eloquent\Model->forwardCallTo(Object(Illuminate\Database\Eloquent\Builder), 'isImpersonating...', Array)
#2 /Users/christofferbergj/code/sd-api/app/Exceptions/Handler.php(162): Illuminate\Database\Eloquent\Model->__call('isImpersonating...', Array)
#3 /Users/christofferbergj/code/sd-api/vendor/laravel/framework/src/Illuminate/Foundation/Bootstrap/HandleExceptions.php(119): App\Exceptions\Handler->render(Object(Illuminate\Http\Request), Object(Symfony\Com in /Users/christofferbergj/code/sd-api/vendor/laravel/framework/src/Illuminate/Support/Traits/ForwardsCalls.php on line 50
[17-Oct-2022 11:52:10 UTC] PHP Fatal error:  Uncaught BadMethodCallException: Call to undefined method App\AdminUser::isImpersonatingByEmployee() in /Users/christofferbergj/code/sd-api/vendor/laravel/framework/src/Illuminate/Support/Traits/ForwardsCalls.php:50
Stack trace:
#0 /Users/christofferbergj/code/sd-api/vendor/laravel/framework/src/Illuminate/Support/Traits/ForwardsCalls.php(36): Illuminate\Database\Eloquent\Model::throwBadMethodCallException('isImpersonating...')
#1 /Users/christofferbergj/code/sd-api/vendor/laravel/framework/src/Illuminate/Database/Eloquent/Model.php(1736): Illuminate\Database\Eloquent\Model->forwardCallTo(Object(Illuminate\Database\Eloquent\Builder), 'isImpersonating...', Array)
#2 /Users/christofferbergj/code/sd-api/app/Exceptions/Handler.php(162): Illuminate\Database\Eloquent\Model->__call('isImpersonating...', Array)
#3 /Users/christofferbergj/code/sd-api/vendor/laravel/framework/src/Illuminate/Foundation/Bootstrap/HandleExceptions.php(119): App\Exceptions\Handler->render(Object(Illuminate\Http\Request), Object(BadMethodCa in /Users/christofferbergj/code/sd-api/vendor/laravel/framework/src/Illuminate/Support/Traits/ForwardsCalls.php on line 50
[17-Oct-2022 11:52:10 UTC] PHP Fatal error:  Uncaught BadMethodCallException: Call to undefined method App\AdminUser::isImpersonatingByEmployee() in /Users/christofferbergj/code/sd-api/vendor/laravel/framework/src/Illuminate/Support/Traits/ForwardsCalls.php:50
Stack trace:
#0 /Users/christofferbergj/code/sd-api/vendor/laravel/framework/src/Illuminate/Support/Traits/ForwardsCalls.php(36): Illuminate\Database\Eloquent\Model::throwBadMethodCallException('isImpersonating...')
#1 /Users/christofferbergj/code/sd-api/vendor/laravel/framework/src/Illuminate/Database/Eloquent/Model.php(1736): Illuminate\Database\Eloquent\Model->forwardCallTo(Object(Illuminate\Database\Eloquent\Builder), 'isImpersonating...', Array)
#2 /Users/christofferbergj/code/sd-api/app/Exceptions/Handler.php(162): Illuminate\Database\Eloquent\Model->__call('isImpersonating...', Array)
#3 /Users/christofferbergj/code/sd-api/vendor/laravel/framework/src/Illuminate/Foundation/Bootstrap/HandleExceptions.php(119): App\Exceptions\Handler->render(Object(Illuminate\Http\Request), Object(Symfony\Com in /Users/christofferbergj/code/sd-api/vendor/laravel/framework/src/Illuminate/Support/Traits/ForwardsCalls.php on line 50
[17-Oct-2022 11:52:10 UTC] PHP Fatal error:  Uncaught BadMethodCallException: Call to undefined method App\AdminUser::isImpersonatingByEmployee() in /Users/christofferbergj/code/sd-api/vendor/laravel/framework/src/Illuminate/Support/Traits/ForwardsCalls.php:50
Stack trace:
#0 /Users/christofferbergj/code/sd-api/vendor/laravel/framework/src/Illuminate/Support/Traits/ForwardsCalls.php(36): Illuminate\Database\Eloquent\Model::throwBadMethodCallException('isImpersonating...')
#1 /Users/christofferbergj/code/sd-api/vendor/laravel/framework/src/Illuminate/Database/Eloquent/Model.php(1736): Illuminate\Database\Eloquent\Model->forwardCallTo(Object(Illuminate\Database\Eloquent\Builder), 'isImpersonating...', Array)
#2 /Users/christofferbergj/code/sd-api/app/Exceptions/Handler.php(162): Illuminate\Database\Eloquent\Model->__call('isImpersonating...', Array)
#3 /Users/christofferbergj/code/sd-api/vendor/laravel/framework/src/Illuminate/Foundation/Bootstrap/HandleExceptions.php(119): App\Exceptions\Handler->render(Object(Illuminate\Http\Request), Object(BadMethodCa in /Users/christofferbergj/code/sd-api/vendor/laravel/framework/src/Illuminate/Support/Traits/ForwardsCalls.php on line 50
[17-Oct-2022 11:52:10 UTC] PHP Fatal error:  Uncaught BadMethodCallException: Call to undefined method App\AdminUser::isImpersonatingByEmployee() in /Users/christofferbergj/code/sd-api/vendor/laravel/framework/src/Illuminate/Support/Traits/ForwardsCalls.php:50
Stack trace:
#0 /Users/christofferbergj/code/sd-api/vendor/laravel/framework/src/Illuminate/Support/Traits/ForwardsCalls.php(36): Illuminate\Database\Eloquent\Model::throwBadMethodCallException('isImpersonating...')
#1 /Users/christofferbergj/code/sd-api/vendor/laravel/framework/src/Illuminate/Database/Eloquent/Model.php(1736): Illuminate\Database\Eloquent\Model->forwardCallTo(Object(Illuminate\Database\Eloquent\Builder), 'isImpersonating...', Array)
#2 /Users/christofferbergj/code/sd-api/app/Exceptions/Handler.php(162): Illuminate\Database\Eloquent\Model->__call('isImpersonating...', Array)
#3 /Users/christofferbergj/code/sd-api/vendor/laravel/framework/src/Illuminate/Foundation/Bootstrap/HandleExceptions.php(119): App\Exceptions\Handler->render(Object(Illuminate\Http\Request), Object(Symfony\Com in /Users/christofferbergj/code/sd-api/vendor/laravel/framework/src/Illuminate/Support/Traits/ForwardsCalls.php on line 50
[17-Oct-2022 11:52:10 UTC] PHP Fatal error:  Uncaught BadMethodCallException: Call to undefined method App\AdminUser::isImpersonatingByEmployee() in /Users/christofferbergj/code/sd-api/vendor/laravel/framework/src/Illuminate/Support/Traits/ForwardsCalls.php:50
Stack trace:
#0 /Users/christofferbergj/code/sd-api/vendor/laravel/framework/src/Illuminate/Support/Traits/ForwardsCalls.php(36): Illuminate\Database\Eloquent\Model::throwBadMethodCallException('isImpersonating...')
#1 /Users/christofferbergj/code/sd-api/vendor/laravel/framework/src/Illuminate/Database/Eloquent/Model.php(1736): Illuminate\Database\Eloquent\Model->forwardCallTo(Object(Illuminate\Database\Eloquent\Builder), 'isImpersonating...', Array)
#2 /Users/christofferbergj/code/sd-api/app/Exceptions/Handler.php(162): Illuminate\Database\Eloquent\Model->__call('isImpersonating...', Array)
#3 /Users/christofferbergj/code/sd-api/vendor/laravel/framework/src/Illuminate/Foundation/Bootstrap/HandleExceptions.php(119): App\Exceptions\Handler->render(Object(Illuminate\Http\Request), Object(BadMethodCa in /Users/christofferbergj/code/sd-api/vendor/laravel/framework/src/Illuminate/Support/Traits/ForwardsCalls.php on line 50
[17-Oct-2022 11:52:10 UTC] PHP Fatal error:  Uncaught BadMethodCallException: Call to undefined method App\AdminUser::isImpersonatingByEmployee() in /Users/christofferbergj/code/sd-api/vendor/laravel/framework/src/Illuminate/Support/Traits/ForwardsCalls.php:50
Stack trace:
#0 /Users/christofferbergj/code/sd-api/vendor/laravel/framework/src/Illuminate/Support/Traits/ForwardsCalls.php(36): Illuminate\Database\Eloquent\Model::throwBadMethodCallException('isImpersonating...')
#1 /Users/christofferbergj/code/sd-api/vendor/laravel/framework/src/Illuminate/Database/Eloquent/Model.php(1736): Illuminate\Database\Eloquent\Model->forwardCallTo(Object(Illuminate\Database\Eloquent\Builder), 'isImpersonating...', Array)
#2 /Users/christofferbergj/code/sd-api/app/Exceptions/Handler.php(162): Illuminate\Database\Eloquent\Model->__call('isImpersonating...', Array)
#3 /Users/christofferbergj/code/sd-api/vendor/laravel/framework/src/Illuminate/Foundation/Bootstrap/HandleExceptions.php(119): App\Exceptions\Handler->render(Object(Illuminate\Http\Request), Object(Symfony\Com in /Users/christofferbergj/code/sd-api/vendor/laravel/framework/src/Illuminate/Support/Traits/ForwardsCalls.php on line 50
[17-Oct-2022 11:52:10 UTC] PHP Fatal error:  Uncaught BadMethodCallException: Call to undefined method App\AdminUser::isImpersonatingByEmployee() in /Users/christofferbergj/code/sd-api/vendor/laravel/framework/src/Illuminate/Support/Traits/ForwardsCalls.php:50
Stack trace:
#0 /Users/christofferbergj/code/sd-api/vendor/laravel/framework/src/Illuminate/Support/Traits/ForwardsCalls.php(36): Illuminate\Database\Eloquent\Model::throwBadMethodCallException('isImpersonating...')
#1 /Users/christofferbergj/code/sd-api/vendor/laravel/framework/src/Illuminate/Database/Eloquent/Model.php(1736): Illuminate\Database\Eloquent\Model->forwardCallTo(Object(Illuminate\Database\Eloquent\Builder), 'isImpersonating...', Array)
#2 /Users/christofferbergj/code/sd-api/app/Exceptions/Handler.php(162): Illuminate\Database\Eloquent\Model->__call('isImpersonating...', Array)
#3 /Users/christofferbergj/code/sd-api/vendor/laravel/framework/src/Illuminate/Foundation/Bootstrap/HandleExceptions.php(119): App\Exceptions\Handler->render(Object(Illuminate\Http\Request), Object(BadMethodCa in /Users/christofferbergj/code/sd-api/vendor/laravel/framework/src/Illuminate/Support/Traits/ForwardsCalls.php on line 50
[17-Oct-2022 11:52:10 UTC] PHP Fatal error:  Uncaught BadMethodCallException: Call to undefined method App\AdminUser::isImpersonatingByEmployee() in /Users/christofferbergj/code/sd-api/vendor/laravel/framework/src/Illuminate/Support/Traits/ForwardsCalls.php:50
Stack trace:
#0 /Users/christofferbergj/code/sd-api/vendor/laravel/framework/src/Illuminate/Support/Traits/ForwardsCalls.php(36): Illuminate\Database\Eloquent\Model::throwBadMethodCallException('isImpersonating...')
#1 /Users/christofferbergj/code/sd-api/vendor/laravel/framework/src/Illuminate/Database/Eloquent/Model.php(1736): Illuminate\Database\Eloquent\Model->forwardCallTo(Object(Illuminate\Database\Eloquent\Builder), 'isImpersonating...', Array)
#2 /Users/christofferbergj/code/sd-api/app/Exceptions/Handler.php(162): Illuminate\Database\Eloquent\Model->__call('isImpersonating...', Array)
#3 /Users/christofferbergj/code/sd-api/vendor/laravel/framework/src/Illuminate/Foundation/Bootstrap/HandleExceptions.php(119): App\Exceptions\Handler->render(Object(Illuminate\Http\Request), Object(Symfony\Com in /Users/christofferbergj/code/sd-api/vendor/laravel/framework/src/Illuminate/Support/Traits/ForwardsCalls.php on line 50
[17-Oct-2022 11:52:10 UTC] PHP Fatal error:  Uncaught BadMethodCallException: Call to undefined method App\AdminUser::isImpersonatingByEmployee() in /Users/christofferbergj/code/sd-api/vendor/laravel/framework/src/Illuminate/Support/Traits/ForwardsCalls.php:50
Stack trace:
#0 /Users/christofferbergj/code/sd-api/vendor/laravel/framework/src/Illuminate/Support/Traits/ForwardsCalls.php(36): Illuminate\Database\Eloquent\Model::throwBadMethodCallException('isImpersonating...')
#1 /Users/christofferbergj/code/sd-api/vendor/laravel/framework/src/Illuminate/Database/Eloquent/Model.php(1736): Illuminate\Database\Eloquent\Model->forwardCallTo(Object(Illuminate\Database\Eloquent\Builder), 'isImpersonating...', Array)
#2 /Users/christofferbergj/code/sd-api/app/Exceptions/Handler.php(162): Illuminate\Database\Eloquent\Model->__call('isImpersonating...', Array)
#3 /Users/christofferbergj/code/sd-api/vendor/laravel/framework/src/Illuminate/Foundation/Bootstrap/HandleExceptions.php(119): App\Exceptions\Handler->render(Object(Illuminate\Http\Request), Object(BadMethodCa in /Users/christofferbergj/code/sd-api/vendor/laravel/framework/src/Illuminate/Support/Traits/ForwardsCalls.php on line 50
[17-Oct-2022 11:52:10 UTC] PHP Fatal error:  Uncaught BadMethodCallException: Call to undefined method App\AdminUser::isImpersonatingByEmployee() in /Users/christofferbergj/code/sd-api/vendor/laravel/framework/src/Illuminate/Support/Traits/ForwardsCalls.php:50
Stack trace:
#0 /Users/christofferbergj/code/sd-api/vendor/laravel/framework/src/Illuminate/Support/Traits/ForwardsCalls.php(36): Illuminate\Database\Eloquent\Model::throwBadMethodCallException('isImpersonating...')
#1 /Users/christofferbergj/code/sd-api/vendor/laravel/framework/src/Illuminate/Database/Eloquent/Model.php(1736): Illuminate\Database\Eloquent\Model->forwardCallTo(Object(Illuminate\Database\Eloquent\Builder), 'isImpersonating...', Array)
#2 /Users/christofferbergj/code/sd-api/app/Exceptions/Handler.php(162): Illuminate\Database\Eloquent\Model->__call('isImpersonating...', Array)
#3 /Users/christofferbergj/code/sd-api/vendor/laravel/framework/src/Illuminate/Foundation/Bootstrap/HandleExceptions.php(119): App\Exceptions\Handler->render(Object(Illuminate\Http\Request), Object(Symfony\Com in /Users/christofferbergj/code/sd-api/vendor/laravel/framework/src/Illuminate/Support/Traits/ForwardsCalls.php on line 50
[17-Oct-2022 11:52:18 UTC] PHP Fatal error:  Uncaught BadMethodCallException: Call to undefined method App\AdminUser::isImpersonatingByEmployee() in /Users/christofferbergj/code/sd-api/vendor/laravel/framework/src/Illuminate/Support/Traits/ForwardsCalls.php:50
Stack trace:
#0 /Users/christofferbergj/code/sd-api/vendor/laravel/framework/src/Illuminate/Support/Traits/ForwardsCalls.php(36): Illuminate\Database\Eloquent\Model::throwBadMethodCallException('isImpersonating...')
#1 /Users/christofferbergj/code/sd-api/vendor/laravel/framework/src/Illuminate/Database/Eloquent/Model.php(1736): Illuminate\Database\Eloquent\Model->forwardCallTo(Object(Illuminate\Database\Eloquent\Builder), 'isImpersonating...', Array)
#2 /Users/christofferbergj/code/sd-api/app/Exceptions/Handler.php(162): Illuminate\Database\Eloquent\Model->__call('isImpersonating...', Array)
#3 /Users/christofferbergj/code/sd-api/vendor/laravel/framework/src/Illuminate/Foundation/Bootstrap/HandleExceptions.php(119): App\Exceptions\Handler->render(Object(Illuminate\Http\Request), Object(BadMethodCa in /Users/christofferbergj/code/sd-api/vendor/laravel/framework/src/Illuminate/Support/Traits/ForwardsCalls.php on line 50
[17-Oct-2022 11:52:18 UTC] PHP Fatal error:  Uncaught BadMethodCallException: Call to undefined method App\AdminUser::isImpersonatingByEmployee() in /Users/christofferbergj/code/sd-api/vendor/laravel/framework/src/Illuminate/Support/Traits/ForwardsCalls.php:50
Stack trace:
#0 /Users/christofferbergj/code/sd-api/vendor/laravel/framework/src/Illuminate/Support/Traits/ForwardsCalls.php(36): Illuminate\Database\Eloquent\Model::throwBadMethodCallException('isImpersonating...')
#1 /Users/christofferbergj/code/sd-api/vendor/laravel/framework/src/Illuminate/Database/Eloquent/Model.php(1736): Illuminate\Database\Eloquent\Model->forwardCallTo(Object(Illuminate\Database\Eloquent\Builder), 'isImpersonating...', Array)
#2 /Users/christofferbergj/code/sd-api/app/Exceptions/Handler.php(162): Illuminate\Database\Eloquent\Model->__call('isImpersonating...', Array)
#3 /Users/christofferbergj/code/sd-api/vendor/laravel/framework/src/Illuminate/Foundation/Bootstrap/HandleExceptions.php(119): App\Exceptions\Handler->render(Object(Illuminate\Http\Request), Object(Symfony\Com in /Users/christofferbergj/code/sd-api/vendor/laravel/framework/src/Illuminate/Support/Traits/ForwardsCalls.php on line 50
[17-Oct-2022 11:52:19 UTC] PHP Fatal error:  Uncaught BadMethodCallException: Call to undefined method App\AdminUser::isImpersonatingByEmployee() in /Users/christofferbergj/code/sd-api/vendor/laravel/framework/src/Illuminate/Support/Traits/ForwardsCalls.php:50
Stack trace:
#0 /Users/christofferbergj/code/sd-api/vendor/laravel/framework/src/Illuminate/Support/Traits/ForwardsCalls.php(36): Illuminate\Database\Eloquent\Model::throwBadMethodCallException('isImpersonating...')
#1 /Users/christofferbergj/code/sd-api/vendor/laravel/framework/src/Illuminate/Database/Eloquent/Model.php(1736): Illuminate\Database\Eloquent\Model->forwardCallTo(Object(Illuminate\Database\Eloquent\Builder), 'isImpersonating...', Array)
#2 /Users/christofferbergj/code/sd-api/app/Exceptions/Handler.php(162): Illuminate\Database\Eloquent\Model->__call('isImpersonating...', Array)
#3 /Users/christofferbergj/code/sd-api/vendor/laravel/framework/src/Illuminate/Foundation/Bootstrap/HandleExceptions.php(119): App\Exceptions\Handler->render(Object(Illuminate\Http\Request), Object(BadMethodCa in /Users/christofferbergj/code/sd-api/vendor/laravel/framework/src/Illuminate/Support/Traits/ForwardsCalls.php on line 50
[17-Oct-2022 11:52:19 UTC] PHP Fatal error:  Uncaught BadMethodCallException: Call to undefined method App\AdminUser::isImpersonatingByEmployee() in /Users/christofferbergj/code/sd-api/vendor/laravel/framework/src/Illuminate/Support/Traits/ForwardsCalls.php:50
Stack trace:
#0 /Users/christofferbergj/code/sd-api/vendor/laravel/framework/src/Illuminate/Support/Traits/ForwardsCalls.php(36): Illuminate\Database\Eloquent\Model::throwBadMethodCallException('isImpersonating...')
#1 /Users/christofferbergj/code/sd-api/vendor/laravel/framework/src/Illuminate/Database/Eloquent/Model.php(1736): Illuminate\Database\Eloquent\Model->forwardCallTo(Object(Illuminate\Database\Eloquent\Builder), 'isImpersonating...', Array)
#2 /Users/christofferbergj/code/sd-api/app/Exceptions/Handler.php(162): Illuminate\Database\Eloquent\Model->__call('isImpersonating...', Array)
#3 /Users/christofferbergj/code/sd-api/vendor/laravel/framework/src/Illuminate/Foundation/Bootstrap/HandleExceptions.php(119): App\Exceptions\Handler->render(Object(Illuminate\Http\Request), Object(Symfony\Com in /Users/christofferbergj/code/sd-api/vendor/laravel/framework/src/Illuminate/Support/Traits/ForwardsCalls.php on line 50
[17-Oct-2022 11:52:19 UTC] PHP Fatal error:  Uncaught BadMethodCallException: Call to undefined method App\AdminUser::isImpersonatingByEmployee() in /Users/christofferbergj/code/sd-api/vendor/laravel/framework/src/Illuminate/Support/Traits/ForwardsCalls.php:50
Stack trace:
#0 /Users/christofferbergj/code/sd-api/vendor/laravel/framework/src/Illuminate/Support/Traits/ForwardsCalls.php(36): Illuminate\Database\Eloquent\Model::throwBadMethodCallException('isImpersonating...')
#1 /Users/christofferbergj/code/sd-api/vendor/laravel/framework/src/Illuminate/Database/Eloquent/Model.php(1736): Illuminate\Database\Eloquent\Model->forwardCallTo(Object(Illuminate\Database\Eloquent\Builder), 'isImpersonating...', Array)
#2 /Users/christofferbergj/code/sd-api/app/Exceptions/Handler.php(162): Illuminate\Database\Eloquent\Model->__call('isImpersonating...', Array)
#3 /Users/christofferbergj/code/sd-api/vendor/laravel/framework/src/Illuminate/Foundation/Bootstrap/HandleExceptions.php(119): App\Exceptions\Handler->render(Object(Illuminate\Http\Request), Object(BadMethodCa in /Users/christofferbergj/code/sd-api/vendor/laravel/framework/src/Illuminate/Support/Traits/ForwardsCalls.php on line 50
[17-Oct-2022 11:52:19 UTC] PHP Fatal error:  Uncaught BadMethodCallException: Call to undefined method App\AdminUser::isImpersonatingByEmployee() in /Users/christofferbergj/code/sd-api/vendor/laravel/framework/src/Illuminate/Support/Traits/ForwardsCalls.php:50
Stack trace:
#0 /Users/christofferbergj/code/sd-api/vendor/laravel/framework/src/Illuminate/Support/Traits/ForwardsCalls.php(36): Illuminate\Database\Eloquent\Model::throwBadMethodCallException('isImpersonating...')
#1 /Users/christofferbergj/code/sd-api/vendor/laravel/framework/src/Illuminate/Database/Eloquent/Model.php(1736): Illuminate\Database\Eloquent\Model->forwardCallTo(Object(Illuminate\Database\Eloquent\Builder), 'isImpersonating...', Array)
#2 /Users/christofferbergj/code/sd-api/app/Exceptions/Handler.php(162): Illuminate\Database\Eloquent\Model->__call('isImpersonating...', Array)
#3 /Users/christofferbergj/code/sd-api/vendor/laravel/framework/src/Illuminate/Foundation/Bootstrap/HandleExceptions.php(119): App\Exceptions\Handler->render(Object(Illuminate\Http\Request), Object(Symfony\Com in /Users/christofferbergj/code/sd-api/vendor/laravel/framework/src/Illuminate/Support/Traits/ForwardsCalls.php on line 50
[17-Oct-2022 11:52:20 UTC] PHP Fatal error:  Uncaught BadMethodCallException: Call to undefined method App\AdminUser::isImpersonatingByEmployee() in /Users/christofferbergj/code/sd-api/vendor/laravel/framework/src/Illuminate/Support/Traits/ForwardsCalls.php:50
Stack trace:
#0 /Users/christofferbergj/code/sd-api/vendor/laravel/framework/src/Illuminate/Support/Traits/ForwardsCalls.php(36): Illuminate\Database\Eloquent\Model::throwBadMethodCallException('isImpersonating...')
#1 /Users/christofferbergj/code/sd-api/vendor/laravel/framework/src/Illuminate/Database/Eloquent/Model.php(1736): Illuminate\Database\Eloquent\Model->forwardCallTo(Object(Illuminate\Database\Eloquent\Builder), 'isImpersonating...', Array)
#2 /Users/christofferbergj/code/sd-api/app/Exceptions/Handler.php(162): Illuminate\Database\Eloquent\Model->__call('isImpersonating...', Array)
#3 /Users/christofferbergj/code/sd-api/vendor/laravel/framework/src/Illuminate/Foundation/Bootstrap/HandleExceptions.php(119): App\Exceptions\Handler->render(Object(Illuminate\Http\Request), Object(BadMethodCa in /Users/christofferbergj/code/sd-api/vendor/laravel/framework/src/Illuminate/Support/Traits/ForwardsCalls.php on line 50
[17-Oct-2022 11:52:20 UTC] PHP Fatal error:  Uncaught BadMethodCallException: Call to undefined method App\AdminUser::isImpersonatingByEmployee() in /Users/christofferbergj/code/sd-api/vendor/laravel/framework/src/Illuminate/Support/Traits/ForwardsCalls.php:50
Stack trace:
#0 /Users/christofferbergj/code/sd-api/vendor/laravel/framework/src/Illuminate/Support/Traits/ForwardsCalls.php(36): Illuminate\Database\Eloquent\Model::throwBadMethodCallException('isImpersonating...')
#1 /Users/christofferbergj/code/sd-api/vendor/laravel/framework/src/Illuminate/Database/Eloquent/Model.php(1736): Illuminate\Database\Eloquent\Model->forwardCallTo(Object(Illuminate\Database\Eloquent\Builder), 'isImpersonating...', Array)
#2 /Users/christofferbergj/code/sd-api/app/Exceptions/Handler.php(162): Illuminate\Database\Eloquent\Model->__call('isImpersonating...', Array)
#3 /Users/christofferbergj/code/sd-api/vendor/laravel/framework/src/Illuminate/Foundation/Bootstrap/HandleExceptions.php(119): App\Exceptions\Handler->render(Object(Illuminate\Http\Request), Object(Symfony\Com in /Users/christofferbergj/code/sd-api/vendor/laravel/framework/src/Illuminate/Support/Traits/ForwardsCalls.php on line 50
[17-Oct-2022 12:32:36 UTC] PHP Fatal error:  Uncaught BadMethodCallException: Call to undefined method App\AdminUser::isImpersonatingByEmployee() in /Users/christofferbergj/code/sd-api/vendor/laravel/framework/src/Illuminate/Support/Traits/ForwardsCalls.php:50
Stack trace:
#0 /Users/christofferbergj/code/sd-api/vendor/laravel/framework/src/Illuminate/Support/Traits/ForwardsCalls.php(36): Illuminate\Database\Eloquent\Model::throwBadMethodCallException('isImpersonating...')
#1 /Users/christofferbergj/code/sd-api/vendor/laravel/framework/src/Illuminate/Database/Eloquent/Model.php(1736): Illuminate\Database\Eloquent\Model->forwardCallTo(Object(Illuminate\Database\Eloquent\Builder), 'isImpersonating...', Array)
#2 /Users/christofferbergj/code/sd-api/app/Exceptions/Handler.php(162): Illuminate\Database\Eloquent\Model->__call('isImpersonating...', Array)
#3 /Users/christofferbergj/code/sd-api/vendor/laravel/framework/src/Illuminate/Foundation/Bootstrap/HandleExceptions.php(119): App\Exceptions\Handler->render(Object(Illuminate\Http\Request), Object(BadMethodCa in /Users/christofferbergj/code/sd-api/vendor/laravel/framework/src/Illuminate/Support/Traits/ForwardsCalls.php on line 50
[17-Oct-2022 12:32:36 UTC] PHP Fatal error:  Uncaught BadMethodCallException: Call to undefined method App\AdminUser::isImpersonatingByEmployee() in /Users/christofferbergj/code/sd-api/vendor/laravel/framework/src/Illuminate/Support/Traits/ForwardsCalls.php:50
Stack trace:
#0 /Users/christofferbergj/code/sd-api/vendor/laravel/framework/src/Illuminate/Support/Traits/ForwardsCalls.php(36): Illuminate\Database\Eloquent\Model::throwBadMethodCallException('isImpersonating...')
#1 /Users/christofferbergj/code/sd-api/vendor/laravel/framework/src/Illuminate/Database/Eloquent/Model.php(1736): Illuminate\Database\Eloquent\Model->forwardCallTo(Object(Illuminate\Database\Eloquent\Builder), 'isImpersonating...', Array)
#2 /Users/christofferbergj/code/sd-api/app/Exceptions/Handler.php(162): Illuminate\Database\Eloquent\Model->__call('isImpersonating...', Array)
#3 /Users/christofferbergj/code/sd-api/vendor/laravel/framework/src/Illuminate/Foundation/Bootstrap/HandleExceptions.php(119): App\Exceptions\Handler->render(Object(Illuminate\Http\Request), Object(Symfony\Com in /Users/christofferbergj/code/sd-api/vendor/laravel/framework/src/Illuminate/Support/Traits/ForwardsCalls.php on line 50
[18-Oct-2022 08:00:47 UTC] PHP Warning:  require(/Users/christofferbergj/code/sd-application-flow/laravel/vendor/autoload.php): failed to open stream: No such file or directory in /Users/christofferbergj/code/sd-application-flow/laravel/artisan on line 18
[18-Oct-2022 08:00:47 UTC] PHP Fatal error:  require(): Failed opening required '/Users/christofferbergj/code/sd-application-flow/laravel/vendor/autoload.php' (include_path='.:/opt/homebrew/Cellar/php@7.4/7.4.32/share/php@7.4/pear') in /Users/christofferbergj/code/sd-application-flow/laravel/artisan on line 18
[18-Oct-2022 08:00:47 UTC] PHP Warning:  require(/Users/christofferbergj/code/sd-application-flow/laravel/vendor/autoload.php): failed to open stream: No such file or directory in /Users/christofferbergj/code/sd-application-flow/laravel/artisan on line 18
[18-Oct-2022 08:00:47 UTC] PHP Fatal error:  require(): Failed opening required '/Users/christofferbergj/code/sd-application-flow/laravel/vendor/autoload.php' (include_path='.:/opt/homebrew/Cellar/php@7.4/7.4.32/share/php@7.4/pear') in /Users/christofferbergj/code/sd-application-flow/laravel/artisan on line 18
[02-Nov-2022 12:09:21 UTC] PHP Deprecated:  Return type of Illuminate\Container\Container::offsetExists($key) should either be compatible with ArrayAccess::offsetExists(mixed $offset): bool, or the #[\ReturnTypeWillChange] attribute should be used to temporarily suppress the notice in /Users/christofferbergj/code/sd-statamic/vendor/laravel/framework/src/Illuminate/Container/Container.php on line 1270
[02-Nov-2022 12:09:21 UTC] PHP Deprecated:  Return type of Illuminate\Container\Container::offsetGet($key) should either be compatible with ArrayAccess::offsetGet(mixed $offset): mixed, or the #[\ReturnTypeWillChange] attribute should be used to temporarily suppress the notice in /Users/christofferbergj/code/sd-statamic/vendor/laravel/framework/src/Illuminate/Container/Container.php on line 1281
[02-Nov-2022 12:09:21 UTC] PHP Deprecated:  Return type of Illuminate\Container\Container::offsetSet($key, $value) should either be compatible with ArrayAccess::offsetSet(mixed $offset, mixed $value): void, or the #[\ReturnTypeWillChange] attribute should be used to temporarily suppress the notice in /Users/christofferbergj/code/sd-statamic/vendor/laravel/framework/src/Illuminate/Container/Container.php on line 1293
[02-Nov-2022 12:09:21 UTC] PHP Deprecated:  Return type of Illuminate\Container\Container::offsetUnset($key) should either be compatible with ArrayAccess::offsetUnset(mixed $offset): void, or the #[\ReturnTypeWillChange] attribute should be used to temporarily suppress the notice in /Users/christofferbergj/code/sd-statamic/vendor/laravel/framework/src/Illuminate/Container/Container.php on line 1306
[02-Nov-2022 12:09:21 UTC] PHP Deprecated:  Return type of Dotenv\Repository\AbstractRepository::offsetExists($offset) should either be compatible with ArrayAccess::offsetExists(mixed $offset): bool, or the #[\ReturnTypeWillChange] attribute should be used to temporarily suppress the notice in /Users/christofferbergj/code/sd-statamic/vendor/vlucas/phpdotenv/src/Repository/AbstractRepository.php on line 147
[02-Nov-2022 12:09:21 UTC] PHP Deprecated:  Return type of Dotenv\Repository\AbstractRepository::offsetGet($offset) should either be compatible with ArrayAccess::offsetGet(mixed $offset): mixed, or the #[\ReturnTypeWillChange] attribute should be used to temporarily suppress the notice in /Users/christofferbergj/code/sd-statamic/vendor/vlucas/phpdotenv/src/Repository/AbstractRepository.php on line 155
[02-Nov-2022 12:09:21 UTC] PHP Deprecated:  Return type of Dotenv\Repository\AbstractRepository::offsetSet($offset, $value) should either be compatible with ArrayAccess::offsetSet(mixed $offset, mixed $value): void, or the #[\ReturnTypeWillChange] attribute should be used to temporarily suppress the notice in /Users/christofferbergj/code/sd-statamic/vendor/vlucas/phpdotenv/src/Repository/AbstractRepository.php on line 163
[02-Nov-2022 12:09:21 UTC] PHP Deprecated:  Return type of Dotenv\Repository\AbstractRepository::offsetUnset($offset) should either be compatible with ArrayAccess::offsetUnset(mixed $offset): void, or the #[\ReturnTypeWillChange] attribute should be used to temporarily suppress the notice in /Users/christofferbergj/code/sd-statamic/vendor/vlucas/phpdotenv/src/Repository/AbstractRepository.php on line 171
[02-Nov-2022 12:09:21 UTC] PHP Deprecated:  Return type of PhpOption\None::getIterator() should either be compatible with IteratorAggregate::getIterator(): Traversable, or the #[\ReturnTypeWillChange] attribute should be used to temporarily suppress the notice in /Users/christofferbergj/code/sd-statamic/vendor/phpoption/phpoption/src/PhpOption/None.php on line 118
[02-Nov-2022 12:09:21 UTC] PHP Deprecated:  Return type of PhpOption\Some::getIterator() should either be compatible with IteratorAggregate::getIterator(): Traversable, or the #[\ReturnTypeWillChange] attribute should be used to temporarily suppress the notice in /Users/christofferbergj/code/sd-statamic/vendor/phpoption/phpoption/src/PhpOption/Some.php on line 152
[02-Nov-2022 12:09:21 UTC] PHP Deprecated:  Return type of Illuminate\Config\Repository::offsetExists($key) should either be compatible with ArrayAccess::offsetExists(mixed $offset): bool, or the #[\ReturnTypeWillChange] attribute should be used to temporarily suppress the notice in /Users/christofferbergj/code/sd-statamic/vendor/laravel/framework/src/Illuminate/Config/Repository.php on line 141
[02-Nov-2022 12:09:21 UTC] PHP Deprecated:  Return type of Illuminate\Config\Repository::offsetGet($key) should either be compatible with ArrayAccess::offsetGet(mixed $offset): mixed, or the #[\ReturnTypeWillChange] attribute should be used to temporarily suppress the notice in /Users/christofferbergj/code/sd-statamic/vendor/laravel/framework/src/Illuminate/Config/Repository.php on line 152
[02-Nov-2022 12:09:21 UTC] PHP Deprecated:  Return type of Illuminate\Config\Repository::offsetSet($key, $value) should either be compatible with ArrayAccess::offsetSet(mixed $offset, mixed $value): void, or the #[\ReturnTypeWillChange] attribute should be used to temporarily suppress the notice in /Users/christofferbergj/code/sd-statamic/vendor/laravel/framework/src/Illuminate/Config/Repository.php on line 164
[02-Nov-2022 12:09:21 UTC] PHP Deprecated:  Return type of Illuminate\Config\Repository::offsetUnset($key) should either be compatible with ArrayAccess::offsetUnset(mixed $offset): void, or the #[\ReturnTypeWillChange] attribute should be used to temporarily suppress the notice in /Users/christofferbergj/code/sd-statamic/vendor/laravel/framework/src/Illuminate/Config/Repository.php on line 175
[02-Nov-2022 13:09:21 Europe/Copenhagen] PHP Fatal error:  During inheritance of ArrayAccess: Uncaught ErrorException: Return type of Illuminate\Support\Collection::offsetExists($key) should either be compatible with ArrayAccess::offsetExists(mixed $offset): bool, or the #[\ReturnTypeWillChange] attribute should be used to temporarily suppress the notice in /Users/christofferbergj/code/sd-statamic/vendor/laravel/framework/src/Illuminate/Support/Collection.php:1349
Stack trace:
#0 /Users/christofferbergj/code/sd-statamic/vendor/laravel/framework/src/Illuminate/Support/Collection.php(11): Illuminate\Foundation\Bootstrap\HandleExceptions->handleError(8192, 'Return type of ...', '/Users/christof...', 1349)
#1 /Users/christofferbergj/code/sd-statamic/vendor/composer/ClassLoader.php(571): include('/Users/christof...')
#2 /Users/christofferbergj/code/sd-statamic/vendor/composer/ClassLoader.php(428): Composer\Autoload\includeFile('/Users/christof...')
#3 /Users/christofferbergj/code/sd-statamic/vendor/laravel/framework/src/Illuminate/Support/helpers.php(110): Composer\Autoload\ClassLoader->loadClass('Illuminate\\Supp...')
#4 /Users/christofferbergj/code/sd-statamic/vendor/laravel/framework/src/Illuminate/Foundation/PackageManifest.php(89): collect(Array)
#5 /Users/christofferbergj/code/sd-statamic/vendor/laravel/framework/src/Illuminate/Foundation/PackageManifest.php(78): Illuminate\Foundation\PackageManifest->config('aliases')
#6 /Users/christofferbergj/code/sd-statamic/vendor/laravel/framework/src/Illuminate/Foundation/Bootstrap/RegisterFacades.php(26): Illuminate\Foundation\PackageManifest->aliases()
#7 /Users/christofferbergj/code/sd-statamic/vendor/laravel/framework/src/Illuminate/Foundation/Application.php(230): Illuminate\Foundation\Bootstrap\RegisterFacades->bootstrap(Object(Illuminate\Foundation\Application))
#8 /Users/christofferbergj/code/sd-statamic/vendor/laravel/framework/src/Illuminate/Foundation/Console/Kernel.php(310): Illuminate\Foundation\Application->bootstrapWith(Array)
#9 /Users/christofferbergj/code/sd-statamic/vendor/laravel/framework/src/Illuminate/Foundation/Console/Kernel.php(127): Illuminate\Foundation\Console\Kernel->bootstrap()
#10 /Users/christofferbergj/code/sd-statamic/please(37): Illuminate\Foundation\Console\Kernel->handle(Object(Symfony\Component\Console\Input\ArgvInput), Object(Symfony\Component\Console\Output\ConsoleOutput))
#11 {main} in /Users/christofferbergj/code/sd-statamic/vendor/laravel/framework/src/Illuminate/Support/Collection.php on line 11
[02-Nov-2022 12:09:22 UTC] PHP Deprecated:  Return type of Illuminate\Container\Container::offsetExists($key) should either be compatible with ArrayAccess::offsetExists(mixed $offset): bool, or the #[\ReturnTypeWillChange] attribute should be used to temporarily suppress the notice in /Users/christofferbergj/code/sd-statamic/vendor/laravel/framework/src/Illuminate/Container/Container.php on line 1270
[02-Nov-2022 12:09:22 UTC] PHP Deprecated:  Return type of Illuminate\Container\Container::offsetGet($key) should either be compatible with ArrayAccess::offsetGet(mixed $offset): mixed, or the #[\ReturnTypeWillChange] attribute should be used to temporarily suppress the notice in /Users/christofferbergj/code/sd-statamic/vendor/laravel/framework/src/Illuminate/Container/Container.php on line 1281
[02-Nov-2022 12:09:22 UTC] PHP Deprecated:  Return type of Illuminate\Container\Container::offsetSet($key, $value) should either be compatible with ArrayAccess::offsetSet(mixed $offset, mixed $value): void, or the #[\ReturnTypeWillChange] attribute should be used to temporarily suppress the notice in /Users/christofferbergj/code/sd-statamic/vendor/laravel/framework/src/Illuminate/Container/Container.php on line 1293
[02-Nov-2022 12:09:22 UTC] PHP Deprecated:  Return type of Illuminate\Container\Container::offsetUnset($key) should either be compatible with ArrayAccess::offsetUnset(mixed $offset): void, or the #[\ReturnTypeWillChange] attribute should be used to temporarily suppress the notice in /Users/christofferbergj/code/sd-statamic/vendor/laravel/framework/src/Illuminate/Container/Container.php on line 1306
[02-Nov-2022 12:09:22 UTC] PHP Deprecated:  Return type of Dotenv\Repository\AbstractRepository::offsetExists($offset) should either be compatible with ArrayAccess::offsetExists(mixed $offset): bool, or the #[\ReturnTypeWillChange] attribute should be used to temporarily suppress the notice in /Users/christofferbergj/code/sd-statamic/vendor/vlucas/phpdotenv/src/Repository/AbstractRepository.php on line 147
[02-Nov-2022 12:09:22 UTC] PHP Deprecated:  Return type of Dotenv\Repository\AbstractRepository::offsetGet($offset) should either be compatible with ArrayAccess::offsetGet(mixed $offset): mixed, or the #[\ReturnTypeWillChange] attribute should be used to temporarily suppress the notice in /Users/christofferbergj/code/sd-statamic/vendor/vlucas/phpdotenv/src/Repository/AbstractRepository.php on line 155
[02-Nov-2022 12:09:22 UTC] PHP Deprecated:  Return type of Dotenv\Repository\AbstractRepository::offsetSet($offset, $value) should either be compatible with ArrayAccess::offsetSet(mixed $offset, mixed $value): void, or the #[\ReturnTypeWillChange] attribute should be used to temporarily suppress the notice in /Users/christofferbergj/code/sd-statamic/vendor/vlucas/phpdotenv/src/Repository/AbstractRepository.php on line 163
[02-Nov-2022 12:09:22 UTC] PHP Deprecated:  Return type of Dotenv\Repository\AbstractRepository::offsetUnset($offset) should either be compatible with ArrayAccess::offsetUnset(mixed $offset): void, or the #[\ReturnTypeWillChange] attribute should be used to temporarily suppress the notice in /Users/christofferbergj/code/sd-statamic/vendor/vlucas/phpdotenv/src/Repository/AbstractRepository.php on line 171
[02-Nov-2022 12:09:22 UTC] PHP Deprecated:  Return type of PhpOption\None::getIterator() should either be compatible with IteratorAggregate::getIterator(): Traversable, or the #[\ReturnTypeWillChange] attribute should be used to temporarily suppress the notice in /Users/christofferbergj/code/sd-statamic/vendor/phpoption/phpoption/src/PhpOption/None.php on line 118
[02-Nov-2022 12:09:22 UTC] PHP Deprecated:  Return type of PhpOption\Some::getIterator() should either be compatible with IteratorAggregate::getIterator(): Traversable, or the #[\ReturnTypeWillChange] attribute should be used to temporarily suppress the notice in /Users/christofferbergj/code/sd-statamic/vendor/phpoption/phpoption/src/PhpOption/Some.php on line 152
[02-Nov-2022 12:09:22 UTC] PHP Deprecated:  Return type of Illuminate\Config\Repository::offsetExists($key) should either be compatible with ArrayAccess::offsetExists(mixed $offset): bool, or the #[\ReturnTypeWillChange] attribute should be used to temporarily suppress the notice in /Users/christofferbergj/code/sd-statamic/vendor/laravel/framework/src/Illuminate/Config/Repository.php on line 141
[02-Nov-2022 12:09:22 UTC] PHP Deprecated:  Return type of Illuminate\Config\Repository::offsetGet($key) should either be compatible with ArrayAccess::offsetGet(mixed $offset): mixed, or the #[\ReturnTypeWillChange] attribute should be used to temporarily suppress the notice in /Users/christofferbergj/code/sd-statamic/vendor/laravel/framework/src/Illuminate/Config/Repository.php on line 152
[02-Nov-2022 12:09:22 UTC] PHP Deprecated:  Return type of Illuminate\Config\Repository::offsetSet($key, $value) should either be compatible with ArrayAccess::offsetSet(mixed $offset, mixed $value): void, or the #[\ReturnTypeWillChange] attribute should be used to temporarily suppress the notice in /Users/christofferbergj/code/sd-statamic/vendor/laravel/framework/src/Illuminate/Config/Repository.php on line 164
[02-Nov-2022 12:09:22 UTC] PHP Deprecated:  Return type of Illuminate\Config\Repository::offsetUnset($key) should either be compatible with ArrayAccess::offsetUnset(mixed $offset): void, or the #[\ReturnTypeWillChange] attribute should be used to temporarily suppress the notice in /Users/christofferbergj/code/sd-statamic/vendor/laravel/framework/src/Illuminate/Config/Repository.php on line 175
[02-Nov-2022 13:09:22 Europe/Copenhagen] PHP Fatal error:  During inheritance of ArrayAccess: Uncaught ErrorException: Return type of Illuminate\Support\Collection::offsetExists($key) should either be compatible with ArrayAccess::offsetExists(mixed $offset): bool, or the #[\ReturnTypeWillChange] attribute should be used to temporarily suppress the notice in /Users/christofferbergj/code/sd-statamic/vendor/laravel/framework/src/Illuminate/Support/Collection.php:1349
Stack trace:
#0 /Users/christofferbergj/code/sd-statamic/vendor/laravel/framework/src/Illuminate/Support/Collection.php(11): Illuminate\Foundation\Bootstrap\HandleExceptions->handleError(8192, 'Return type of ...', '/Users/christof...', 1349)
#1 /Users/christofferbergj/code/sd-statamic/vendor/composer/ClassLoader.php(571): include('/Users/christof...')
#2 /Users/christofferbergj/code/sd-statamic/vendor/composer/ClassLoader.php(428): Composer\Autoload\includeFile('/Users/christof...')
#3 /Users/christofferbergj/code/sd-statamic/vendor/laravel/framework/src/Illuminate/Support/helpers.php(110): Composer\Autoload\ClassLoader->loadClass('Illuminate\\Supp...')
#4 /Users/christofferbergj/code/sd-statamic/vendor/laravel/framework/src/Illuminate/Foundation/PackageManifest.php(89): collect(Array)
#5 /Users/christofferbergj/code/sd-statamic/vendor/laravel/framework/src/Illuminate/Foundation/PackageManifest.php(78): Illuminate\Foundation\PackageManifest->config('aliases')
#6 /Users/christofferbergj/code/sd-statamic/vendor/laravel/framework/src/Illuminate/Foundation/Bootstrap/RegisterFacades.php(26): Illuminate\Foundation\PackageManifest->aliases()
#7 /Users/christofferbergj/code/sd-statamic/vendor/laravel/framework/src/Illuminate/Foundation/Application.php(230): Illuminate\Foundation\Bootstrap\RegisterFacades->bootstrap(Object(Illuminate\Foundation\Application))
#8 /Users/christofferbergj/code/sd-statamic/vendor/laravel/framework/src/Illuminate/Foundation/Console/Kernel.php(310): Illuminate\Foundation\Application->bootstrapWith(Array)
#9 /Users/christofferbergj/code/sd-statamic/vendor/laravel/framework/src/Illuminate/Foundation/Console/Kernel.php(127): Illuminate\Foundation\Console\Kernel->bootstrap()
#10 /Users/christofferbergj/code/sd-statamic/please(37): Illuminate\Foundation\Console\Kernel->handle(Object(Symfony\Component\Console\Input\ArgvInput), Object(Symfony\Component\Console\Output\ConsoleOutput))
#11 {main} in /Users/christofferbergj/code/sd-statamic/vendor/laravel/framework/src/Illuminate/Support/Collection.php on line 11
[02-Nov-2022 12:09:22 UTC] PHP Deprecated:  Return type of Illuminate\Container\Container::offsetExists($key) should either be compatible with ArrayAccess::offsetExists(mixed $offset): bool, or the #[\ReturnTypeWillChange] attribute should be used to temporarily suppress the notice in /Users/christofferbergj/code/sd-statamic/vendor/laravel/framework/src/Illuminate/Container/Container.php on line 1270
[02-Nov-2022 12:09:22 UTC] PHP Deprecated:  Return type of Illuminate\Container\Container::offsetGet($key) should either be compatible with ArrayAccess::offsetGet(mixed $offset): mixed, or the #[\ReturnTypeWillChange] attribute should be used to temporarily suppress the notice in /Users/christofferbergj/code/sd-statamic/vendor/laravel/framework/src/Illuminate/Container/Container.php on line 1281
[02-Nov-2022 12:09:22 UTC] PHP Deprecated:  Return type of Illuminate\Container\Container::offsetSet($key, $value) should either be compatible with ArrayAccess::offsetSet(mixed $offset, mixed $value): void, or the #[\ReturnTypeWillChange] attribute should be used to temporarily suppress the notice in /Users/christofferbergj/code/sd-statamic/vendor/laravel/framework/src/Illuminate/Container/Container.php on line 1293
[02-Nov-2022 12:09:22 UTC] PHP Deprecated:  Return type of Illuminate\Container\Container::offsetUnset($key) should either be compatible with ArrayAccess::offsetUnset(mixed $offset): void, or the #[\ReturnTypeWillChange] attribute should be used to temporarily suppress the notice in /Users/christofferbergj/code/sd-statamic/vendor/laravel/framework/src/Illuminate/Container/Container.php on line 1306
[02-Nov-2022 12:09:22 UTC] PHP Deprecated:  Return type of Dotenv\Repository\AbstractRepository::offsetExists($offset) should either be compatible with ArrayAccess::offsetExists(mixed $offset): bool, or the #[\ReturnTypeWillChange] attribute should be used to temporarily suppress the notice in /Users/christofferbergj/code/sd-statamic/vendor/vlucas/phpdotenv/src/Repository/AbstractRepository.php on line 147
[02-Nov-2022 12:09:22 UTC] PHP Deprecated:  Return type of Dotenv\Repository\AbstractRepository::offsetGet($offset) should either be compatible with ArrayAccess::offsetGet(mixed $offset): mixed, or the #[\ReturnTypeWillChange] attribute should be used to temporarily suppress the notice in /Users/christofferbergj/code/sd-statamic/vendor/vlucas/phpdotenv/src/Repository/AbstractRepository.php on line 155
[02-Nov-2022 12:09:22 UTC] PHP Deprecated:  Return type of Dotenv\Repository\AbstractRepository::offsetSet($offset, $value) should either be compatible with ArrayAccess::offsetSet(mixed $offset, mixed $value): void, or the #[\ReturnTypeWillChange] attribute should be used to temporarily suppress the notice in /Users/christofferbergj/code/sd-statamic/vendor/vlucas/phpdotenv/src/Repository/AbstractRepository.php on line 163
[02-Nov-2022 12:09:22 UTC] PHP Deprecated:  Return type of Dotenv\Repository\AbstractRepository::offsetUnset($offset) should either be compatible with ArrayAccess::offsetUnset(mixed $offset): void, or the #[\ReturnTypeWillChange] attribute should be used to temporarily suppress the notice in /Users/christofferbergj/code/sd-statamic/vendor/vlucas/phpdotenv/src/Repository/AbstractRepository.php on line 171
[02-Nov-2022 12:09:22 UTC] PHP Deprecated:  Return type of PhpOption\None::getIterator() should either be compatible with IteratorAggregate::getIterator(): Traversable, or the #[\ReturnTypeWillChange] attribute should be used to temporarily suppress the notice in /Users/christofferbergj/code/sd-statamic/vendor/phpoption/phpoption/src/PhpOption/None.php on line 118
[02-Nov-2022 12:09:22 UTC] PHP Deprecated:  Return type of PhpOption\Some::getIterator() should either be compatible with IteratorAggregate::getIterator(): Traversable, or the #[\ReturnTypeWillChange] attribute should be used to temporarily suppress the notice in /Users/christofferbergj/code/sd-statamic/vendor/phpoption/phpoption/src/PhpOption/Some.php on line 152
[02-Nov-2022 12:09:22 UTC] PHP Deprecated:  Return type of Illuminate\Config\Repository::offsetExists($key) should either be compatible with ArrayAccess::offsetExists(mixed $offset): bool, or the #[\ReturnTypeWillChange] attribute should be used to temporarily suppress the notice in /Users/christofferbergj/code/sd-statamic/vendor/laravel/framework/src/Illuminate/Config/Repository.php on line 141
[02-Nov-2022 12:09:22 UTC] PHP Deprecated:  Return type of Illuminate\Config\Repository::offsetGet($key) should either be compatible with ArrayAccess::offsetGet(mixed $offset): mixed, or the #[\ReturnTypeWillChange] attribute should be used to temporarily suppress the notice in /Users/christofferbergj/code/sd-statamic/vendor/laravel/framework/src/Illuminate/Config/Repository.php on line 152
[02-Nov-2022 12:09:22 UTC] PHP Deprecated:  Return type of Illuminate\Config\Repository::offsetSet($key, $value) should either be compatible with ArrayAccess::offsetSet(mixed $offset, mixed $value): void, or the #[\ReturnTypeWillChange] attribute should be used to temporarily suppress the notice in /Users/christofferbergj/code/sd-statamic/vendor/laravel/framework/src/Illuminate/Config/Repository.php on line 164
[02-Nov-2022 12:09:22 UTC] PHP Deprecated:  Return type of Illuminate\Config\Repository::offsetUnset($key) should either be compatible with ArrayAccess::offsetUnset(mixed $offset): void, or the #[\ReturnTypeWillChange] attribute should be used to temporarily suppress the notice in /Users/christofferbergj/code/sd-statamic/vendor/laravel/framework/src/Illuminate/Config/Repository.php on line 175
[02-Nov-2022 13:09:22 Europe/Copenhagen] PHP Fatal error:  During inheritance of ArrayAccess: Uncaught ErrorException: Return type of Illuminate\Support\Collection::offsetExists($key) should either be compatible with ArrayAccess::offsetExists(mixed $offset): bool, or the #[\ReturnTypeWillChange] attribute should be used to temporarily suppress the notice in /Users/christofferbergj/code/sd-statamic/vendor/laravel/framework/src/Illuminate/Support/Collection.php:1349
Stack trace:
#0 /Users/christofferbergj/code/sd-statamic/vendor/laravel/framework/src/Illuminate/Support/Collection.php(11): Illuminate\Foundation\Bootstrap\HandleExceptions->handleError(8192, 'Return type of ...', '/Users/christof...', 1349)
#1 /Users/christofferbergj/code/sd-statamic/vendor/composer/ClassLoader.php(571): include('/Users/christof...')
#2 /Users/christofferbergj/code/sd-statamic/vendor/composer/ClassLoader.php(428): Composer\Autoload\includeFile('/Users/christof...')
#3 /Users/christofferbergj/code/sd-statamic/vendor/laravel/framework/src/Illuminate/Support/helpers.php(110): Composer\Autoload\ClassLoader->loadClass('Illuminate\\Supp...')
#4 /Users/christofferbergj/code/sd-statamic/vendor/laravel/framework/src/Illuminate/Foundation/PackageManifest.php(89): collect(Array)
#5 /Users/christofferbergj/code/sd-statamic/vendor/laravel/framework/src/Illuminate/Foundation/PackageManifest.php(78): Illuminate\Foundation\PackageManifest->config('aliases')
#6 /Users/christofferbergj/code/sd-statamic/vendor/laravel/framework/src/Illuminate/Foundation/Bootstrap/RegisterFacades.php(26): Illuminate\Foundation\PackageManifest->aliases()
#7 /Users/christofferbergj/code/sd-statamic/vendor/laravel/framework/src/Illuminate/Foundation/Application.php(230): Illuminate\Foundation\Bootstrap\RegisterFacades->bootstrap(Object(Illuminate\Foundation\Application))
#8 /Users/christofferbergj/code/sd-statamic/vendor/laravel/framework/src/Illuminate/Foundation/Console/Kernel.php(310): Illuminate\Foundation\Application->bootstrapWith(Array)
#9 /Users/christofferbergj/code/sd-statamic/vendor/laravel/framework/src/Illuminate/Foundation/Console/Kernel.php(127): Illuminate\Foundation\Console\Kernel->bootstrap()
#10 /Users/christofferbergj/code/sd-statamic/please(37): Illuminate\Foundation\Console\Kernel->handle(Object(Symfony\Component\Console\Input\ArgvInput), Object(Symfony\Component\Console\Output\ConsoleOutput))
#11 {main} in /Users/christofferbergj/code/sd-statamic/vendor/laravel/framework/src/Illuminate/Support/Collection.php on line 11
